Flow report for tetris_basic
Thu Dec 03 00:50:02 2020
Quartus II Version 9.0 Build 132 02/25/2009 SJ Full Version


---------------------
; Table of Contents ;
---------------------
  1. Legal Notice
  2. Flow Summary
  3. Flow Settings
  4. Flow Non-Default Global Settings
  5. Flow Elapsed Time
  6. Flow OS Summary
  7. Flow Log



----------------
; Legal Notice ;
----------------
Copyright (C) 1991-2009 Altera Corporation
Your use of Altera Corporation's design tools, logic functions 
and other software and tools, and its AMPP partner logic 
functions, and any output files from any of the foregoing 
(including device programming or simulation files), and any 
associated documentation or information are expressly subject 
to the terms and conditions of the Altera Program License 
Subscription Agreement, Altera MegaCore Function License 
Agreement, or other applicable license agreement, including, 
without limitation, that your use is for the sole purpose of 
programming logic devices manufactured by Altera and sold by 
Altera or its authorized distributors.  Please refer to the 
applicable agreement for further details.



+--------------------------------------------------------------------+
; Flow Summary                                                       ;
+-------------------------+------------------------------------------+
; Flow Status             ; Flow Failed - Thu Dec 03 00:50:02 2020   ;
; Quartus II Version      ; 9.0 Build 132 02/25/2009 SJ Full Version ;
; Revision Name           ; tetris_basic                             ;
; Top-level Entity Name   ; tetris_basic                             ;
; Family                  ; FLEX10K                                  ;
; Device                  ; EPF10K70RC240-4                          ;
; Timing Models           ; Final                                    ;
; Met timing requirements ; N/A                                      ;
; Total logic elements    ; 7,223 / 3,744 ( 193 % )                  ;
; Total pins              ; 194 / 189 ( 103 % )                      ;
; Total memory bits       ; 0 / 18,432 ( 0 % )                       ;
+-------------------------+------------------------------------------+


+-----------------------------------------+
; Flow Settings                           ;
+-------------------+---------------------+
; Option            ; Setting             ;
+-------------------+---------------------+
; Start date & time ; 12/03/2020 00:47:40 ;
; Main task         ; Compilation         ;
; Revision Name     ; tetris_basic        ;
+-------------------+---------------------+


+-----------------------------------------------------------------------------------------------------------------+
; Flow Non-Default Global Settings                                                                                ;
+------------------------------------+---------------------------------+---------------+-------------+------------+
; Assignment Name                    ; Value                           ; Default Value ; Entity Name ; Section Id ;
+------------------------------------+---------------------------------+---------------+-------------+------------+
; COMPILER_SIGNATURE_ID              ; 168122004908173.160693486011044 ; --            ; --          ; --         ;
; USE_GENERATED_PHYSICAL_CONSTRAINTS ; Off                             ; --            ; --          ; eda_palace ;
+------------------------------------+---------------------------------+---------------+-------------+------------+


+--------------------------------------------------------------------------------------------------------------------------+
; Flow Elapsed Time                                                                                                        ;
+----------------------+--------------+-------------------------+---------------------+------------------------------------+
; Module Name          ; Elapsed Time ; Average Processors Used ; Peak Virtual Memory ; Total CPU Time (on all processors) ;
+----------------------+--------------+-------------------------+---------------------+------------------------------------+
; Analysis & Synthesis ; 00:02:20     ; 1.0                     ; 239 MB              ; 00:02:13                           ;
; Fitter               ; 00:00:02     ; 1.0                     ; 243 MB              ; 00:00:01                           ;
; Total                ; 00:02:22     ; --                      ; --                  ; 00:02:14                           ;
+----------------------+--------------+-------------------------+---------------------+------------------------------------+


+---------------------------------------------------------------------------------------+
; Flow OS Summary                                                                       ;
+----------------------+------------------+---------------+------------+----------------+
; Module Name          ; Machine Hostname ; OS Name       ; OS Version ; Processor type ;
+----------------------+------------------+---------------+------------+----------------+
; Analysis & Synthesis ; DESKTOP-8F2UFGS  ; Windows Vista ; 6.2        ; x86_64         ;
; Fitter               ; DESKTOP-8F2UFGS  ; Windows Vista ; 6.2        ; x86_64         ;
+----------------------+------------------+---------------+------------+----------------+


------------
; Flow Log ;
------------
quartus_map --read_settings_files=on --write_settings_files=off tetris_basic -c tetris_basic
quartus_fit --read_settings_files=off --write_settings_files=off tetris_basic -c tetris_basic



