Analysis & Synthesis report for tetris_basic
Thu Dec 03 00:49:59 2020
Quartus II Version 9.0 Build 132 02/25/2009 SJ Full Version


---------------------
; Table of Contents ;
---------------------
  1. Legal Notice
  2. Analysis & Synthesis Summary
  3. Analysis & Synthesis Settings
  4. Analysis & Synthesis Source Files Read
  5. Analysis & Synthesis Resource Usage Summary
  6. Analysis & Synthesis Resource Utilization by Entity
  7. Registers Removed During Synthesis
  8. Removed Registers Triggering Further Register Optimizations
  9. General Register Statistics
 10. Inverted Register Statistics
 11. Source assignments for lpm_add_sub:Add15|addcore:adder
 12. Source assignments for lpm_add_sub:Add16|addcore:adder
 13. Source assignments for lpm_add_sub:Add9|addcore:adder
 14. Parameter Settings for Inferred Entity Instance: lpm_add_sub:Add15
 15. Parameter Settings for Inferred Entity Instance: lpm_add_sub:Add16
 16. Parameter Settings for Inferred Entity Instance: lpm_add_sub:Add9
 17. Analysis & Synthesis Messages



----------------
; Legal Notice ;
----------------
Copyright (C) 1991-2009 Altera Corporation
Your use of Altera Corporation's design tools, logic functions 
and other software and tools, and its AMPP partner logic 
functions, and any output files from any of the foregoing 
(including device programming or simulation files), and any 
associated documentation or information are expressly subject 
to the terms and conditions of the Altera Program License 
Subscription Agreement, Altera MegaCore Function License 
Agreement, or other applicable license agreement, including, 
without limitation, that your use is for the sole purpose of 
programming logic devices manufactured by Altera and sold by 
Altera or its authorized distributors.  Please refer to the 
applicable agreement for further details.



+------------------------------------------------------------------------+
; Analysis & Synthesis Summary                                           ;
+-----------------------------+------------------------------------------+
; Analysis & Synthesis Status ; Successful - Thu Dec 03 00:49:59 2020    ;
; Quartus II Version          ; 9.0 Build 132 02/25/2009 SJ Full Version ;
; Revision Name               ; tetris_basic                             ;
; Top-level Entity Name       ; tetris_basic                             ;
; Family                      ; FLEX10K                                  ;
; Total logic elements        ; 7,223                                    ;
; Total pins                  ; 194                                      ;
; Total memory bits           ; 0                                        ;
+-----------------------------+------------------------------------------+


+--------------------------------------------------------------------------------------------------+
; Analysis & Synthesis Settings                                                                    ;
+----------------------------------------------------------------+-----------------+---------------+
; Option                                                         ; Setting         ; Default Value ;
+----------------------------------------------------------------+-----------------+---------------+
; Device                                                         ; EPF10K70RC240-4 ;               ;
; Top-level entity name                                          ; tetris_basic    ; tetris_basic  ;
; Family name                                                    ; FLEX10K         ; Stratix II    ;
; Use Generated Physical Constraints File                        ; Off             ;               ;
; Use smart compilation                                          ; Off             ; Off           ;
; Create Debugging Nodes for IP Cores                            ; Off             ; Off           ;
; Preserve fewer node names                                      ; On              ; On            ;
; Disable OpenCore Plus hardware evaluation                      ; Off             ; Off           ;
; Verilog Version                                                ; Verilog_2001    ; Verilog_2001  ;
; VHDL Version                                                   ; VHDL93          ; VHDL93        ;
; State Machine Processing                                       ; Auto            ; Auto          ;
; Safe State Machine                                             ; Off             ; Off           ;
; Extract Verilog State Machines                                 ; On              ; On            ;
; Extract VHDL State Machines                                    ; On              ; On            ;
; Ignore Verilog initial constructs                              ; Off             ; Off           ;
; Iteration limit for constant Verilog loops                     ; 5000            ; 5000          ;
; Iteration limit for non-constant Verilog loops                 ; 250             ; 250           ;
; Add Pass-Through Logic to Inferred RAMs                        ; On              ; On            ;
; Parallel Synthesis                                             ; Off             ; Off           ;
; NOT Gate Push-Back                                             ; On              ; On            ;
; Power-Up Don't Care                                            ; On              ; On            ;
; Remove Redundant Logic Cells                                   ; Off             ; Off           ;
; Remove Duplicate Registers                                     ; On              ; On            ;
; Ignore CARRY Buffers                                           ; Off             ; Off           ;
; Ignore CASCADE Buffers                                         ; Off             ; Off           ;
; Ignore GLOBAL Buffers                                          ; Off             ; Off           ;
; Ignore ROW GLOBAL Buffers                                      ; Off             ; Off           ;
; Ignore LCELL Buffers                                           ; Off             ; Off           ;
; Ignore SOFT Buffers                                            ; On              ; On            ;
; Limit AHDL Integers to 32 Bits                                 ; Off             ; Off           ;
; Auto Implement in ROM                                          ; Off             ; Off           ;
; Optimization Technique                                         ; Area            ; Area          ;
; Carry Chain Length                                             ; 32              ; 32            ;
; Cascade Chain Length                                           ; 2               ; 2             ;
; Auto Carry Chains                                              ; On              ; On            ;
; Auto Open-Drain Pins                                           ; On              ; On            ;
; Auto ROM Replacement                                           ; On              ; On            ;
; Auto RAM Replacement                                           ; On              ; On            ;
; Auto Clock Enable Replacement                                  ; On              ; On            ;
; Strict RAM Replacement                                         ; Off             ; Off           ;
; Auto Resource Sharing                                          ; Off             ; Off           ;
; Allow Any RAM Size For Recognition                             ; Off             ; Off           ;
; Allow Any ROM Size For Recognition                             ; Off             ; Off           ;
; Use LogicLock Constraints during Resource Balancing            ; On              ; On            ;
; Ignore translate_off and synthesis_off directives              ; Off             ; Off           ;
; Show Parameter Settings Tables in Synthesis Report             ; On              ; On            ;
; HDL message level                                              ; Level2          ; Level2        ;
; Suppress Register Optimization Related Messages                ; Off             ; Off           ;
; Number of Removed Registers Reported in Synthesis Report       ; 100             ; 100           ;
; Number of Inverted Registers Reported in Synthesis Report      ; 100             ; 100           ;
; Block Design Naming                                            ; Auto            ; Auto          ;
; Synthesis Effort                                               ; Auto            ; Auto          ;
; Allows Asynchronous Clear Usage For Shift Register Replacement ; On              ; On            ;
; Analysis & Synthesis Message Level                             ; Medium          ; Medium        ;
+----------------------------------------------------------------+-----------------+---------------+


+----------------------------------------------------------------------------------------------------------------------------------------------------+
; Analysis & Synthesis Source Files Read                                                                                                             ;
+----------------------------------+-----------------+------------------------+----------------------------------------------------------------------+
; File Name with User-Entered Path ; Used in Netlist ; File Type              ; File Name with Absolute Path                                         ;
+----------------------------------+-----------------+------------------------+----------------------------------------------------------------------+
; tetris_basic.v                   ; yes             ; User Verilog HDL File  ; E:/DLD Project/tetris_basic/tetris_basic.v                           ;
; lpm_add_sub.tdf                  ; yes             ; Megafunction           ; c:/altera/90/quartus/libraries/megafunctions/lpm_add_sub.tdf         ;
; addcore.inc                      ; yes             ; Megafunction           ; c:/altera/90/quartus/libraries/megafunctions/addcore.inc             ;
; look_add.inc                     ; yes             ; Megafunction           ; c:/altera/90/quartus/libraries/megafunctions/look_add.inc            ;
; bypassff.inc                     ; yes             ; Megafunction           ; c:/altera/90/quartus/libraries/megafunctions/bypassff.inc            ;
; altshift.inc                     ; yes             ; Megafunction           ; c:/altera/90/quartus/libraries/megafunctions/altshift.inc            ;
; alt_stratix_add_sub.inc          ; yes             ; Megafunction           ; c:/altera/90/quartus/libraries/megafunctions/alt_stratix_add_sub.inc ;
; alt_mercury_add_sub.inc          ; yes             ; Megafunction           ; c:/altera/90/quartus/libraries/megafunctions/alt_mercury_add_sub.inc ;
; aglobal90.inc                    ; yes             ; Megafunction           ; c:/altera/90/quartus/libraries/megafunctions/aglobal90.inc           ;
; addcore.tdf                      ; yes             ; Megafunction           ; c:/altera/90/quartus/libraries/megafunctions/addcore.tdf             ;
; a_csnbuffer.inc                  ; yes             ; Megafunction           ; c:/altera/90/quartus/libraries/megafunctions/a_csnbuffer.inc         ;
; a_csnbuffer.tdf                  ; yes             ; Megafunction           ; c:/altera/90/quartus/libraries/megafunctions/a_csnbuffer.tdf         ;
; altshift.tdf                     ; yes             ; Megafunction           ; c:/altera/90/quartus/libraries/megafunctions/altshift.tdf            ;
+----------------------------------+-----------------+------------------------+----------------------------------------------------------------------+


+------------------------------------------------------+
; Analysis & Synthesis Resource Usage Summary          ;
+-----------------------------------+------------------+
; Resource                          ; Usage            ;
+-----------------------------------+------------------+
; Total logic elements              ; 7223             ;
; Total combinational functions     ; 7222             ;
;     -- Total 4-input functions    ; 5529             ;
;     -- Total 3-input functions    ; 1061             ;
;     -- Total 2-input functions    ; 593              ;
;     -- Total 1-input functions    ; 39               ;
;     -- Total 0-input functions    ; 0                ;
; Total registers                   ; 205              ;
; Total logic cells in carry chains ; 39               ;
; I/O pins                          ; 194              ;
; Maximum fan-out node              ; location[1]~reg0 ;
; Maximum fan-out                   ; 492              ;
; Total fan-out                     ; 27782            ;
; Average fan-out                   ; 3.75             ;
+-----------------------------------+------------------+


+------------------------------------------------------------------------------------------------------------------------------------------------------------------------------------------------------------------------------------------------------------------+
; Analysis & Synthesis Resource Utilization by Entity                                                                                                                                                                                                              ;
+------------------------------------+-------------+--------------+-------------+------+--------------+-------------------+------------------+-----------------+------------+-----------------------------------------------------------------------+--------------+
; Compilation Hierarchy Node         ; Logic Cells ; LC Registers ; Memory Bits ; Pins ; LUT-Only LCs ; Register-Only LCs ; LUT/Register LCs ; Carry Chain LCs ; Packed LCs ; Full Hierarchy Name                                                   ; Library Name ;
+------------------------------------+-------------+--------------+-------------+------+--------------+-------------------+------------------+-----------------+------------+-----------------------------------------------------------------------+--------------+
; |tetris_basic                      ; 7223 (7184) ; 205          ; 0           ; 194  ; 7018 (6979)  ; 1 (1)             ; 204 (204)        ; 39 (0)          ; 0 (0)      ; |tetris_basic                                                         ; work         ;
;    |lpm_add_sub:Add15|             ; 7 (0)       ; 0            ; 0           ; 0    ; 7 (0)        ; 0 (0)             ; 0 (0)            ; 7 (0)           ; 0 (0)      ; |tetris_basic|lpm_add_sub:Add15                                       ; work         ;
;       |addcore:adder|              ; 7 (1)       ; 0            ; 0           ; 0    ; 7 (1)        ; 0 (0)             ; 0 (0)            ; 7 (1)           ; 0 (0)      ; |tetris_basic|lpm_add_sub:Add15|addcore:adder                         ; work         ;
;          |a_csnbuffer:result_node| ; 6 (6)       ; 0            ; 0           ; 0    ; 6 (6)        ; 0 (0)             ; 0 (0)            ; 6 (6)           ; 0 (0)      ; |tetris_basic|lpm_add_sub:Add15|addcore:adder|a_csnbuffer:result_node ; work         ;
;    |lpm_add_sub:Add16|             ; 8 (0)       ; 0            ; 0           ; 0    ; 8 (0)        ; 0 (0)             ; 0 (0)            ; 8 (0)           ; 0 (0)      ; |tetris_basic|lpm_add_sub:Add16                                       ; work         ;
;       |addcore:adder|              ; 8 (1)       ; 0            ; 0           ; 0    ; 8 (1)        ; 0 (0)             ; 0 (0)            ; 8 (1)           ; 0 (0)      ; |tetris_basic|lpm_add_sub:Add16|addcore:adder                         ; work         ;
;          |a_csnbuffer:result_node| ; 7 (7)       ; 0            ; 0           ; 0    ; 7 (7)        ; 0 (0)             ; 0 (0)            ; 7 (7)           ; 0 (0)      ; |tetris_basic|lpm_add_sub:Add16|addcore:adder|a_csnbuffer:result_node ; work         ;
;    |lpm_add_sub:Add9|              ; 24 (0)      ; 0            ; 0           ; 0    ; 24 (0)       ; 0 (0)             ; 0 (0)            ; 24 (0)          ; 0 (0)      ; |tetris_basic|lpm_add_sub:Add9                                        ; work         ;
;       |addcore:adder|              ; 24 (1)      ; 0            ; 0           ; 0    ; 24 (1)       ; 0 (0)             ; 0 (0)            ; 24 (1)          ; 0 (0)      ; |tetris_basic|lpm_add_sub:Add9|addcore:adder                          ; work         ;
;          |a_csnbuffer:result_node| ; 23 (23)     ; 0            ; 0           ; 0    ; 23 (23)      ; 0 (0)             ; 0 (0)            ; 23 (23)         ; 0 (0)      ; |tetris_basic|lpm_add_sub:Add9|addcore:adder|a_csnbuffer:result_node  ; work         ;
+------------------------------------+-------------+--------------+-------------+------+--------------+-------------------+------------------+-----------------+------------+-----------------------------------------------------------------------+--------------+
Note: For table entries with two numbers listed, the numbers in parentheses indicate the number of resources of the given type used by the specific entity alone. The numbers listed outside of parentheses indicate the total resources of the given type used by the specific entity and all of its sub-entities in the hierarchy.


+---------------------------------------------------------------------------------+
; Registers Removed During Synthesis                                              ;
+----------------------------------------+----------------------------------------+
; Register name                          ; Reason for Removal                     ;
+----------------------------------------+----------------------------------------+
; score[7]~reg0                          ; Stuck at GND due to stuck port data_in ;
; score[6]~reg0                          ; Stuck at GND due to stuck port data_in ;
; score[5]~reg0                          ; Stuck at GND due to stuck port data_in ;
; score[4]~reg0                          ; Stuck at GND due to stuck port data_in ;
; score[3]~reg0                          ; Stuck at GND due to stuck port data_in ;
; score[2]~reg0                          ; Stuck at GND due to stuck port data_in ;
; score[1]~reg0                          ; Stuck at GND due to stuck port data_in ;
; score[0]~reg0                          ; Stuck at GND due to stuck port data_in ;
; next_block[1]~reg0                     ; Stuck at GND due to stuck port data_in ;
; next_block[2]~reg0                     ; Stuck at GND due to stuck port data_in ;
; state[6..7]                            ; Stuck at GND due to stuck port data_in ;
; orientation[1]~reg0                    ; Stuck at GND due to stuck port data_in ;
; block_type[1..2]                       ; Stuck at GND due to stuck port data_in ;
; Total Number of Removed Registers = 15 ;                                        ;
+----------------------------------------+----------------------------------------+


+-----------------------------------------------------------------------------------------+
; Removed Registers Triggering Further Register Optimizations                             ;
+--------------------+---------------------------+----------------------------------------+
; Register name      ; Reason for Removal        ; Registers Removed due to This Register ;
+--------------------+---------------------------+----------------------------------------+
; next_block[1]~reg0 ; Stuck at GND              ; block_type[1]                          ;
;                    ; due to stuck port data_in ;                                        ;
; next_block[2]~reg0 ; Stuck at GND              ; block_type[2]                          ;
;                    ; due to stuck port data_in ;                                        ;
; state[6]           ; Stuck at GND              ; orientation[1]~reg0                    ;
;                    ; due to stuck port data_in ;                                        ;
+--------------------+---------------------------+----------------------------------------+


+------------------------------------------------------+
; General Register Statistics                          ;
+----------------------------------------------+-------+
; Statistic                                    ; Value ;
+----------------------------------------------+-------+
; Total registers                              ; 205   ;
; Number of registers using Synchronous Clear  ; 0     ;
; Number of registers using Synchronous Load   ; 0     ;
; Number of registers using Asynchronous Clear ; 199   ;
; Number of registers using Asynchronous Load  ; 0     ;
; Number of registers using Clock Enable       ; 196   ;
; Number of registers using Preset             ; 0     ;
+----------------------------------------------+-------+


+--------------------------------------------------+
; Inverted Register Statistics                     ;
+----------------------------------------+---------+
; Inverted Register                      ; Fan out ;
+----------------------------------------+---------+
; state[0]                               ; 185     ;
; Total number of inverted registers = 1 ;         ;
+----------------------------------------+---------+


+--------------------------------------------------------+
; Source assignments for lpm_add_sub:Add15|addcore:adder ;
+---------------------------+-------+------+-------------+
; Assignment                ; Value ; From ; To          ;
+---------------------------+-------+------+-------------+
; SUPPRESS_DA_RULE_INTERNAL ; A103  ; -    ; -           ;
+---------------------------+-------+------+-------------+


+--------------------------------------------------------+
; Source assignments for lpm_add_sub:Add16|addcore:adder ;
+---------------------------+-------+------+-------------+
; Assignment                ; Value ; From ; To          ;
+---------------------------+-------+------+-------------+
; SUPPRESS_DA_RULE_INTERNAL ; A103  ; -    ; -           ;
+---------------------------+-------+------+-------------+


+-------------------------------------------------------+
; Source assignments for lpm_add_sub:Add9|addcore:adder ;
+---------------------------+-------+------+------------+
; Assignment                ; Value ; From ; To         ;
+---------------------------+-------+------+------------+
; SUPPRESS_DA_RULE_INTERNAL ; A103  ; -    ; -          ;
+---------------------------+-------+------+------------+


+--------------------------------------------------------------------+
; Parameter Settings for Inferred Entity Instance: lpm_add_sub:Add15 ;
+------------------------+-------------+-----------------------------+
; Parameter Name         ; Value       ; Type                        ;
+------------------------+-------------+-----------------------------+
; LPM_WIDTH              ; 8           ; Untyped                     ;
; LPM_REPRESENTATION     ; UNSIGNED    ; Untyped                     ;
; LPM_DIRECTION          ; ADD         ; Untyped                     ;
; ONE_INPUT_IS_CONSTANT  ; YES         ; Untyped                     ;
; LPM_PIPELINE           ; 0           ; Untyped                     ;
; MAXIMIZE_SPEED         ; 5           ; Untyped                     ;
; REGISTERED_AT_END      ; 0           ; Untyped                     ;
; OPTIMIZE_FOR_SPEED     ; 1           ; Untyped                     ;
; USE_CS_BUFFERS         ; 1           ; Untyped                     ;
; CARRY_CHAIN            ; MANUAL      ; Untyped                     ;
; CARRY_CHAIN_LENGTH     ; 48          ; CARRY_CHAIN_LENGTH          ;
; DEVICE_FAMILY          ; FLEX10K     ; Untyped                     ;
; USE_WYS                ; OFF         ; Untyped                     ;
; STYLE                  ; FAST        ; Untyped                     ;
; CBXI_PARAMETER         ; add_sub_fnh ; Untyped                     ;
; AUTO_CARRY_CHAINS      ; ON          ; AUTO_CARRY                  ;
; IGNORE_CARRY_BUFFERS   ; OFF         ; IGNORE_CARRY                ;
; AUTO_CASCADE_CHAINS    ; ON          ; AUTO_CASCADE                ;
; IGNORE_CASCADE_BUFFERS ; OFF         ; IGNORE_CASCADE              ;
+------------------------+-------------+-----------------------------+
Note: In order to hide this table in the UI and the text report file, please set the "Show Parameter Settings Tables in Synthesis Report" option in "Analysis and Synthesis Settings -> More Settings" to "Off".


+--------------------------------------------------------------------+
; Parameter Settings for Inferred Entity Instance: lpm_add_sub:Add16 ;
+------------------------+-------------+-----------------------------+
; Parameter Name         ; Value       ; Type                        ;
+------------------------+-------------+-----------------------------+
; LPM_WIDTH              ; 8           ; Untyped                     ;
; LPM_REPRESENTATION     ; UNSIGNED    ; Untyped                     ;
; LPM_DIRECTION          ; ADD         ; Untyped                     ;
; ONE_INPUT_IS_CONSTANT  ; YES         ; Untyped                     ;
; LPM_PIPELINE           ; 0           ; Untyped                     ;
; MAXIMIZE_SPEED         ; 5           ; Untyped                     ;
; REGISTERED_AT_END      ; 0           ; Untyped                     ;
; OPTIMIZE_FOR_SPEED     ; 1           ; Untyped                     ;
; USE_CS_BUFFERS         ; 1           ; Untyped                     ;
; CARRY_CHAIN            ; MANUAL      ; Untyped                     ;
; CARRY_CHAIN_LENGTH     ; 48          ; CARRY_CHAIN_LENGTH          ;
; DEVICE_FAMILY          ; FLEX10K     ; Untyped                     ;
; USE_WYS                ; OFF         ; Untyped                     ;
; STYLE                  ; FAST        ; Untyped                     ;
; CBXI_PARAMETER         ; add_sub_lch ; Untyped                     ;
; AUTO_CARRY_CHAINS      ; ON          ; AUTO_CARRY                  ;
; IGNORE_CARRY_BUFFERS   ; OFF         ; IGNORE_CARRY                ;
; AUTO_CASCADE_CHAINS    ; ON          ; AUTO_CASCADE                ;
; IGNORE_CASCADE_BUFFERS ; OFF         ; IGNORE_CASCADE              ;
+------------------------+-------------+-----------------------------+
Note: In order to hide this table in the UI and the text report file, please set the "Show Parameter Settings Tables in Synthesis Report" option in "Analysis and Synthesis Settings -> More Settings" to "Off".


+-------------------------------------------------------------------+
; Parameter Settings for Inferred Entity Instance: lpm_add_sub:Add9 ;
+------------------------+-------------+----------------------------+
; Parameter Name         ; Value       ; Type                       ;
+------------------------+-------------+----------------------------+
; LPM_WIDTH              ; 25          ; Untyped                    ;
; LPM_REPRESENTATION     ; UNSIGNED    ; Untyped                    ;
; LPM_DIRECTION          ; ADD         ; Untyped                    ;
; ONE_INPUT_IS_CONSTANT  ; YES         ; Untyped                    ;
; LPM_PIPELINE           ; 0           ; Untyped                    ;
; MAXIMIZE_SPEED         ; 5           ; Untyped                    ;
; REGISTERED_AT_END      ; 0           ; Untyped                    ;
; OPTIMIZE_FOR_SPEED     ; 1           ; Untyped                    ;
; USE_CS_BUFFERS         ; 1           ; Untyped                    ;
; CARRY_CHAIN            ; MANUAL      ; Untyped                    ;
; CARRY_CHAIN_LENGTH     ; 48          ; CARRY_CHAIN_LENGTH         ;
; DEVICE_FAMILY          ; FLEX10K     ; Untyped                    ;
; USE_WYS                ; OFF         ; Untyped                    ;
; STYLE                  ; FAST        ; Untyped                    ;
; CBXI_PARAMETER         ; add_sub_uoh ; Untyped                    ;
; AUTO_CARRY_CHAINS      ; ON          ; AUTO_CARRY                 ;
; IGNORE_CARRY_BUFFERS   ; OFF         ; IGNORE_CARRY               ;
; AUTO_CASCADE_CHAINS    ; ON          ; AUTO_CASCADE               ;
; IGNORE_CASCADE_BUFFERS ; OFF         ; IGNORE_CASCADE             ;
+------------------------+-------------+----------------------------+
Note: In order to hide this table in the UI and the text report file, please set the "Show Parameter Settings Tables in Synthesis Report" option in "Analysis and Synthesis Settings -> More Settings" to "Off".


+-------------------------------+
; Analysis & Synthesis Messages ;
+-------------------------------+
Info: *******************************************************************
Info: Running Quartus II Analysis & Synthesis
    Info: Version 9.0 Build 132 02/25/2009 SJ Full Version
    Info: Processing started: Thu Dec 03 00:47:39 2020
Info: Command: quartus_map --read_settings_files=on --write_settings_files=off tetris_basic -c tetris_basic
Warning (10335): Unrecognized synthesis attribute "full_case" at tetris_basic.v(179)
Warning (10335): Unrecognized synthesis attribute "parallel_case" at tetris_basic.v(179)
Warning (10335): Unrecognized synthesis attribute "full_case" at tetris_basic.v(202)
Warning (10335): Unrecognized synthesis attribute "parallel_case" at tetris_basic.v(202)
Warning (10335): Unrecognized synthesis attribute "full_case" at tetris_basic.v(262)
Warning (10335): Unrecognized synthesis attribute "parallel_case" at tetris_basic.v(262)
Info: Found 1 design units, including 1 entities, in source file tetris_basic.v
    Info: Found entity 1: tetris_basic
Info: Elaborating entity "tetris_basic" for the top level hierarchy
Warning (10036): Verilog HDL or VHDL warning at tetris_basic.v(78): object "s0_l" assigned a value but never read
Warning (10036): Verilog HDL or VHDL warning at tetris_basic.v(78): object "s0_r" assigned a value but never read
Warning (10036): Verilog HDL or VHDL warning at tetris_basic.v(78): object "s0_d" assigned a value but never read
Warning (10036): Verilog HDL or VHDL warning at tetris_basic.v(78): object "s0_rot" assigned a value but never read
Warning (10036): Verilog HDL or VHDL warning at tetris_basic.v(84): object "s1_l" assigned a value but never read
Warning (10036): Verilog HDL or VHDL warning at tetris_basic.v(84): object "s1_r" assigned a value but never read
Warning (10036): Verilog HDL or VHDL warning at tetris_basic.v(84): object "s1_d" assigned a value but never read
Warning (10036): Verilog HDL or VHDL warning at tetris_basic.v(84): object "s1_rot" assigned a value but never read
Warning (10036): Verilog HDL or VHDL warning at tetris_basic.v(90): object "z0_l" assigned a value but never read
Warning (10036): Verilog HDL or VHDL warning at tetris_basic.v(90): object "z0_r" assigned a value but never read
Warning (10036): Verilog HDL or VHDL warning at tetris_basic.v(90): object "z0_d" assigned a value but never read
Warning (10036): Verilog HDL or VHDL warning at tetris_basic.v(90): object "z0_rot" assigned a value but never read
Warning (10036): Verilog HDL or VHDL warning at tetris_basic.v(96): object "z1_l" assigned a value but never read
Warning (10036): Verilog HDL or VHDL warning at tetris_basic.v(96): object "z1_r" assigned a value but never read
Warning (10036): Verilog HDL or VHDL warning at tetris_basic.v(96): object "z1_d" assigned a value but never read
Warning (10036): Verilog HDL or VHDL warning at tetris_basic.v(96): object "z1_rot" assigned a value but never read
Warning (10230): Verilog HDL assignment warning at tetris_basic.v(195): truncated value with size 32 to match size of target (3)
Warning (10230): Verilog HDL assignment warning at tetris_basic.v(196): truncated value with size 32 to match size of target (3)
Warning (10208): Verilog HDL Case Statement warning at tetris_basic.v(203): honored full_case synthesis attribute - differences between design synthesis and simulation may occur
Warning (10230): Verilog HDL assignment warning at tetris_basic.v(258): truncated value with size 32 to match size of target (3)
Warning (10208): Verilog HDL Case Statement warning at tetris_basic.v(263): honored full_case synthesis attribute - differences between design synthesis and simulation may occur
Warning (10766): Verilog HDL Synthesis Attribute warning at tetris_basic.v(180): ignoring full_case attribute on case statement with explicit default case item
Info (10264): Verilog HDL Case Statement information at tetris_basic.v(180): all case item expressions in this case statement are onehot
Info: Inferred 3 megafunctions from design logic
    Info: Inferred adder/subtractor megafunction ("lpm_add_sub") from the following logic: "Add15"
    Info: Inferred adder/subtractor megafunction ("lpm_add_sub") from the following logic: "Add16"
    Info: Inferred adder/subtractor megafunction ("lpm_add_sub") from the following logic: "Add9"
Info: Elaborated megafunction instantiation "lpm_add_sub:Add15"
Info: Instantiated megafunction "lpm_add_sub:Add15" with the following parameter:
    Info: Parameter "LPM_WIDTH" = "8"
    Info: Parameter "LPM_DIRECTION" = "ADD"
    Info: Parameter "LPM_REPRESENTATION" = "UNSIGNED"
    Info: Parameter "ONE_INPUT_IS_CONSTANT" = "YES"
Info: Elaborated megafunction instantiation "lpm_add_sub:Add15|addcore:adder", which is child of megafunction instantiation "lpm_add_sub:Add15"
Info: Elaborated megafunction instantiation "lpm_add_sub:Add15|addcore:adder|a_csnbuffer:oflow_node", which is child of megafunction instantiation "lpm_add_sub:Add15"
Info: Elaborated megafunction instantiation "lpm_add_sub:Add15|addcore:adder|a_csnbuffer:result_node", which is child of megafunction instantiation "lpm_add_sub:Add15"
Info: Elaborated megafunction instantiation "lpm_add_sub:Add15|altshift:result_ext_latency_ffs", which is child of megafunction instantiation "lpm_add_sub:Add15"
Info: Elaborated megafunction instantiation "lpm_add_sub:Add15|altshift:carry_ext_latency_ffs", which is child of megafunction instantiation "lpm_add_sub:Add15"
Info: Elaborated megafunction instantiation "lpm_add_sub:Add16"
Info: Instantiated megafunction "lpm_add_sub:Add16" with the following parameter:
    Info: Parameter "LPM_WIDTH" = "8"
    Info: Parameter "LPM_DIRECTION" = "ADD"
    Info: Parameter "LPM_REPRESENTATION" = "UNSIGNED"
    Info: Parameter "ONE_INPUT_IS_CONSTANT" = "YES"
Info: Elaborated megafunction instantiation "lpm_add_sub:Add16|addcore:adder", which is child of megafunction instantiation "lpm_add_sub:Add16"
Info: Elaborated megafunction instantiation "lpm_add_sub:Add9"
Info: Instantiated megafunction "lpm_add_sub:Add9" with the following parameter:
    Info: Parameter "LPM_WIDTH" = "25"
    Info: Parameter "LPM_DIRECTION" = "ADD"
    Info: Parameter "LPM_REPRESENTATION" = "UNSIGNED"
    Info: Parameter "ONE_INPUT_IS_CONSTANT" = "YES"
Info: Elaborated megafunction instantiation "lpm_add_sub:Add9|addcore:adder", which is child of megafunction instantiation "lpm_add_sub:Add9"
Info: Elaborated megafunction instantiation "lpm_add_sub:Add9|addcore:adder|a_csnbuffer:oflow_node", which is child of megafunction instantiation "lpm_add_sub:Add9"
Info: Elaborated megafunction instantiation "lpm_add_sub:Add9|addcore:adder|a_csnbuffer:result_node", which is child of megafunction instantiation "lpm_add_sub:Add9"
Info: Elaborated megafunction instantiation "lpm_add_sub:Add9|altshift:result_ext_latency_ffs", which is child of megafunction instantiation "lpm_add_sub:Add9"
Warning: Output pins are stuck at VCC or GND
    Warning (13410): Pin "score[0]" is stuck at GND
    Warning (13410): Pin "score[1]" is stuck at GND
    Warning (13410): Pin "score[2]" is stuck at GND
    Warning (13410): Pin "score[3]" is stuck at GND
    Warning (13410): Pin "score[4]" is stuck at GND
    Warning (13410): Pin "score[5]" is stuck at GND
    Warning (13410): Pin "score[6]" is stuck at GND
    Warning (13410): Pin "score[7]" is stuck at GND
    Warning (13410): Pin "orientation[1]" is stuck at GND
    Warning (13410): Pin "next_block[1]" is stuck at GND
    Warning (13410): Pin "next_block[2]" is stuck at GND
Info: Registers with preset signals will power-up high
Info: Implemented 7417 device resources after synthesis - the final resource count might be different
    Info: Implemented 8 input pins
    Info: Implemented 186 output pins
    Info: Implemented 7223 logic cells
Info: Quartus II Analysis & Synthesis was successful. 0 errors, 40 warnings
    Info: Peak virtual memory: 239 megabytes
    Info: Processing ended: Thu Dec 03 00:49:59 2020
    Info: Elapsed time: 00:02:20
    Info: Total CPU time (on all processors): 00:02:13


